<?xml version="1.0" encoding="UTF-8"?>
<!-- Generated by org.testng.reporters.JUnitReportReporter -->
<testsuite skipped="0" hostname="RAMDSING-PZK6N" name="framework.basic.automation.CredentialsTest" tests="2" failures="0" timestamp="2021-07-04T15:33:34 IST" time="39.152" errors="0">
  <testcase name="credentialsValidation" time="16.256" classname="framework.basic.automation.CredentialsTest"/>
  <system-out/>
  <testcase name="credentialsValidation" time="22.896" classname="framework.basic.automation.CredentialsTest"/>
  <system-out/>
</testsuite> <!-- framework.basic.automation.CredentialsTest -->
