<?xml version="1.0" encoding="UTF-8"?>
<!-- Generated by org.testng.reporters.JUnitReportReporter -->
<testsuite skipped="0" hostname="RAMDSING-PZK6N" name="framework.basic.automation.HomePageTest" tests="2" failures="0" timestamp="2021-07-01T01:43:37 IST" time="23.946" errors="0">
  <testcase name="loginToApplication" time="11.069" classname="framework.basic.automation.HomePageTest"/>
  <system-out/>
  <testcase name="loginToApplication" time="12.877" classname="framework.basic.automation.HomePageTest"/>
  <system-out/>
</testsuite> <!-- framework.basic.automation.HomePageTest -->
