<?xml version="1.0" encoding="UTF-8"?>
<!-- Generated by org.testng.reporters.JUnitReportReporter -->
<testsuite skipped="0" hostname="RAMDSING-PZK6N" name="framework.basic.automation.BaseTest" tests="1" failures="0" timestamp="2021-06-30T23:08:27 IST" time="8.335" errors="0">
  <testcase name="basePageNav" time="8.335" classname="framework.basic.automation.BaseTest"/>
  <system-out/>
</testsuite> <!-- framework.basic.automation.BaseTest -->
