<?xml version="1.0" encoding="UTF-8"?>
<!-- Generated by org.testng.reporters.JUnitReportReporter -->
<testsuite skipped="0" hostname="RAMDSING-PZK6N" name="framework.basic.automation.CredentialsTest" tests="2" failures="0" timestamp="2021-08-11T15:40:41 IST" time="37.314" errors="0">
  <testcase name="credentialsValidation" time="18.642" classname="framework.basic.automation.CredentialsTest"/>
  <system-out/>
  <testcase name="credentialsValidation" time="18.672" classname="framework.basic.automation.CredentialsTest"/>
  <system-out/>
</testsuite> <!-- framework.basic.automation.CredentialsTest -->
