<?xml version="1.0" encoding="UTF-8"?>
<!-- Generated by org.testng.reporters.JUnitReportReporter -->
<testsuite skipped="0" hostname="RAMDSING-PZK6N" name="framework.basic.automation.CredentialsTest" tests="2" failures="0" timestamp="2021-07-04T18:39:22 IST" time="24.149" errors="0">
  <testcase name="credentialsValidation" time="12.127" classname="framework.basic.automation.CredentialsTest"/>
  <system-out/>
  <testcase name="credentialsValidation" time="12.022" classname="framework.basic.automation.CredentialsTest"/>
  <system-out/>
</testsuite> <!-- framework.basic.automation.CredentialsTest -->
